{"fields.level":"debug","level":"info","logFile":"/home/alex/Documents/test/logs/app.log","msg":"Логгер инициализирован","time":"2025-01-16T10:46:48+03:00"}
{"level":"info","msg":"Сервер запущен","pid":106823,"port":8080,"time":"2025-01-16T10:46:49+03:00"}
{"duration":"1.266939ms","level":"info","method":"GET","msg":"HTTP Request","path":"/api/rates","remoteIP":"[::1]:50654","requestID":"1737013631647866286-ed5e36f2","size":4391,"status":200,"time":"2025-01-16T10:47:11+03:00","userAgent":"curl/8.11.1"}
{"duration":"1.153226ms","level":"info","method":"GET","msg":"HTTP Request","path":"/api/rates","remoteIP":"[::1]:33856","requestID":"1737013641041865960-432de339","size":4391,"status":200,"time":"2025-01-16T10:47:21+03:00","userAgent":"curl/8.11.1"}
{"duration":"10.097733306s","level":"info","method":"GET","msg":"HTTP Request","path":"/api/rates","remoteIP":"[::1]:60486","requestID":"1737013646911846434-10a5407c","size":8778,"status":200,"time":"2025-01-16T10:47:37+03:00","userAgent":"curl/8.11.1"}
{"fields.level":"debug","level":"info","logFile":"/home/alex/Documents/test/logs/app.log","msg":"Логгер инициализирован","time":"2025-01-16T10:48:44+03:00"}
{"error":"ошибка получения данных из API: Get \"https://api.nbrb.by/exrates/rates?periodicity=0\": net/http: TLS handshake timeout","level":"error","msg":"Ошибка получения начальных данных из API","time":"2025-01-16T10:48:54+03:00"}
{"level":"info","msg":"Сервер запущен","pid":108228,"port":8080,"time":"2025-01-16T10:48:54+03:00"}
{"duration":"1.020195ms","level":"info","method":"GET","msg":"HTTP Request","path":"/api/rates","remoteIP":"[::1]:52312","requestID":"1737013802416980962-b6132e6d","size":63,"status":200,"time":"2025-01-16T10:50:02+03:00","userAgent":"curl/8.11.1"}
{"fields.level":"debug","level":"info","logFile":"/home/alex/Documents/test/logs/app.log","msg":"Логгер инициализирован","time":"2025-01-16T10:56:26+03:00"}
{"level":"info","msg":"Сервер запущен","pid":113699,"port":8080,"time":"2025-01-16T10:56:27+03:00"}
{"fields.level":"debug","level":"info","logFile":"/home/alex/Documents/test/logs/app.log","msg":"Логгер инициализирован","time":"2025-01-16T13:45:54+03:00"}
{"error":"dial tcp: lookup db: no such host","level":"error","msg":"Ошибка подключения к базе данных","time":"2025-01-16T13:45:54+03:00"}
{"fields.level":"debug","level":"info","logFile":"/home/alex/Documents/test/logs/app.log","msg":"Логгер инициализирован","time":"2025-01-16T13:46:13+03:00"}
{"error":"dial tcp: lookup db: no such host","level":"error","msg":"Ошибка подключения к базе данных","time":"2025-01-16T13:46:13+03:00"}
{"fields.level":"debug","level":"info","logFile":"/home/alex/Documents/test/logs/app.log","msg":"Логгер инициализирован","time":"2025-01-16T13:46:49+03:00"}
{"error":"dial tcp: lookup db: no such host","level":"error","msg":"Ошибка подключения к базе данных","time":"2025-01-16T13:46:49+03:00"}
{"fields.level":"debug","level":"info","logFile":"/home/alex/Documents/test/logs/app.log","msg":"Логгер инициализирован","time":"2025-01-16T13:49:36+03:00"}
{"level":"info","msg":"Сервер запущен","pid":208540,"port":8080,"time":"2025-01-16T13:49:37+03:00"}
{"duration":"1.024988ms","level":"info","method":"GET","msg":"HTTP Request","path":"/api/rates","remoteIP":"[::1]:36858","requestID":"1737024613370463351-5916c825","size":63,"status":200,"time":"2025-01-16T13:50:13+03:00","userAgent":"curl/8.11.1"}
{"duration":"1.258865ms","level":"info","method":"GET","msg":"HTTP Request","path":"/api/rates","remoteIP":"[::1]:36874","requestID":"1737024617881719195-ea070ae7","size":4391,"status":200,"time":"2025-01-16T13:50:17+03:00","userAgent":"curl/8.11.1"}
{"fields.level":"debug","level":"info","logFile":"/home/alex/Documents/test/logs/app.log","msg":"Логгер инициализирован","time":"2025-01-16T14:24:27+03:00"}
{"error":"Error 1698 (28000): Access denied for user 'root'@'localhost'","level":"error","msg":"Ошибка подключения к базе данных","time":"2025-01-16T14:24:27+03:00"}
{"fields.level":"debug","level":"info","logFile":"/home/alex/Documents/test/logs/app.log","msg":"Логгер инициализирован","time":"2025-01-16T14:24:52+03:00"}
{"currency":"AUD","error":"Error 1292 (22007): Truncated incorrect date value: '2025-01-16T00:00:00'","level":"error","msg":"Ошибка сохранения курса","time":"2025-01-16T14:24:52+03:00"}
{"currency":"AMD","error":"Error 1292 (22007): Truncated incorrect date value: '2025-01-16T00:00:00'","level":"error","msg":"Ошибка сохранения курса","time":"2025-01-16T14:24:52+03:00"}
{"currency":"BGN","error":"Error 1292 (22007): Truncated incorrect date value: '2025-01-16T00:00:00'","level":"error","msg":"Ошибка сохранения курса","time":"2025-01-16T14:24:52+03:00"}
{"currency":"BRL","error":"Error 1292 (22007): Truncated incorrect date value: '2025-01-16T00:00:00'","level":"error","msg":"Ошибка сохранения курса","time":"2025-01-16T14:24:52+03:00"}
{"currency":"UAH","error":"Error 1292 (22007): Truncated incorrect date value: '2025-01-16T00:00:00'","level":"error","msg":"Ошибка сохранения курса","time":"2025-01-16T14:24:52+03:00"}
{"currency":"DKK","error":"Error 1292 (22007): Truncated incorrect date value: '2025-01-16T00:00:00'","level":"error","msg":"Ошибка сохранения курса","time":"2025-01-16T14:24:52+03:00"}
{"currency":"AED","error":"Error 1292 (22007): Truncated incorrect date value: '2025-01-16T00:00:00'","level":"error","msg":"Ошибка сохранения курса","time":"2025-01-16T14:24:52+03:00"}
{"currency":"USD","error":"Error 1292 (22007): Truncated incorrect date value: '2025-01-16T00:00:00'","level":"error","msg":"Ошибка сохранения курса","time":"2025-01-16T14:24:52+03:00"}
{"currency":"VND","error":"Error 1292 (22007): Truncated incorrect date value: '2025-01-16T00:00:00'","level":"error","msg":"Ошибка сохранения курса","time":"2025-01-16T14:24:52+03:00"}
{"currency":"EUR","error":"Error 1292 (22007): Truncated incorrect date value: '2025-01-16T00:00:00'","level":"error","msg":"Ошибка сохранения курса","time":"2025-01-16T14:24:52+03:00"}
{"currency":"PLN","error":"Error 1292 (22007): Truncated incorrect date value: '2025-01-16T00:00:00'","level":"error","msg":"Ошибка сохранения курса","time":"2025-01-16T14:24:52+03:00"}
{"currency":"JPY","error":"Error 1292 (22007): Truncated incorrect date value: '2025-01-16T00:00:00'","level":"error","msg":"Ошибка сохранения курса","time":"2025-01-16T14:24:52+03:00"}
{"currency":"INR","error":"Error 1292 (22007): Truncated incorrect date value: '2025-01-16T00:00:00'","level":"error","msg":"Ошибка сохранения курса","time":"2025-01-16T14:24:52+03:00"}
{"currency":"IRR","error":"Error 1292 (22007): Truncated incorrect date value: '2025-01-16T00:00:00'","level":"error","msg":"Ошибка сохранения курса","time":"2025-01-16T14:24:52+03:00"}
{"currency":"ISK","error":"Error 1292 (22007): Truncated incorrect date value: '2025-01-16T00:00:00'","level":"error","msg":"Ошибка сохранения курса","time":"2025-01-16T14:24:52+03:00"}
{"currency":"CAD","error":"Error 1292 (22007): Truncated incorrect date value: '2025-01-16T00:00:00'","level":"error","msg":"Ошибка сохранения курса","time":"2025-01-16T14:24:52+03:00"}
{"currency":"CNY","error":"Error 1292 (22007): Truncated incorrect date value: '2025-01-16T00:00:00'","level":"error","msg":"Ошибка сохранения курса","time":"2025-01-16T14:24:52+03:00"}
{"currency":"KWD","error":"Error 1292 (22007): Truncated incorrect date value: '2025-01-16T00:00:00'","level":"error","msg":"Ошибка сохранения курса","time":"2025-01-16T14:24:52+03:00"}
{"currency":"MDL","error":"Error 1292 (22007): Truncated incorrect date value: '2025-01-16T00:00:00'","level":"error","msg":"Ошибка сохранения курса","time":"2025-01-16T14:24:52+03:00"}
{"currency":"NZD","error":"Error 1292 (22007): Truncated incorrect date value: '2025-01-16T00:00:00'","level":"error","msg":"Ошибка сохранения курса","time":"2025-01-16T14:24:52+03:00"}
{"currency":"NOK","error":"Error 1292 (22007): Truncated incorrect date value: '2025-01-16T00:00:00'","level":"error","msg":"Ошибка сохранения курса","time":"2025-01-16T14:24:52+03:00"}
{"currency":"RUB","error":"Error 1292 (22007): Truncated incorrect date value: '2025-01-16T00:00:00'","level":"error","msg":"Ошибка сохранения курса","time":"2025-01-16T14:24:52+03:00"}
{"currency":"XDR","error":"Error 1292 (22007): Truncated incorrect date value: '2025-01-16T00:00:00'","level":"error","msg":"Ошибка сохранения курса","time":"2025-01-16T14:24:52+03:00"}
{"currency":"SGD","error":"Error 1292 (22007): Truncated incorrect date value: '2025-01-16T00:00:00'","level":"error","msg":"Ошибка сохранения курса","time":"2025-01-16T14:24:52+03:00"}
{"currency":"KGS","error":"Error 1292 (22007): Truncated incorrect date value: '2025-01-16T00:00:00'","level":"error","msg":"Ошибка сохранения курса","time":"2025-01-16T14:24:52+03:00"}
{"currency":"KZT","error":"Error 1292 (22007): Truncated incorrect date value: '2025-01-16T00:00:00'","level":"error","msg":"Ошибка сохранения курса","time":"2025-01-16T14:24:52+03:00"}
{"currency":"TRY","error":"Error 1292 (22007): Truncated incorrect date value: '2025-01-16T00:00:00'","level":"error","msg":"Ошибка сохранения курса","time":"2025-01-16T14:24:52+03:00"}
{"currency":"GBP","error":"Error 1292 (22007): Truncated incorrect date value: '2025-01-16T00:00:00'","level":"error","msg":"Ошибка сохранения курса","time":"2025-01-16T14:24:52+03:00"}
{"currency":"CZK","error":"Error 1292 (22007): Truncated incorrect date value: '2025-01-16T00:00:00'","level":"error","msg":"Ошибка сохранения курса","time":"2025-01-16T14:24:52+03:00"}
{"currency":"SEK","error":"Error 1292 (22007): Truncated incorrect date value: '2025-01-16T00:00:00'","level":"error","msg":"Ошибка сохранения курса","time":"2025-01-16T14:24:52+03:00"}
{"currency":"CHF","error":"Error 1292 (22007): Truncated incorrect date value: '2025-01-16T00:00:00'","level":"error","msg":"Ошибка сохранения курса","time":"2025-01-16T14:24:52+03:00"}
{"level":"info","msg":"Сервер запущен","pid":230108,"port":8080,"time":"2025-01-16T14:24:52+03:00"}
